-- Install configuration: ""
-- Up-to-date: /home/robousr/ROS2Dev/robot_2025_ws/src/install/examen_bringup/share/examen_bringup//launch
-- Up-to-date: /home/robousr/ROS2Dev/robot_2025_ws/src/install/examen_bringup/share/examen_bringup//launch/simple_position_controller.launch.py
-- Up-to-date: /home/robousr/ROS2Dev/robot_2025_ws/src/install/examen_bringup/share/examen_bringup//rviz
-- Up-to-date: /home/robousr/ROS2Dev/robot_2025_ws/src/install/examen_bringup/share/examen_bringup//world
-- Up-to-date: /home/robousr/ROS2Dev/robot_2025_ws/src/install/examen_bringup/share/ament_index/resource_index/package_run_dependencies/examen_bringup
-- Up-to-date: /home/robousr/ROS2Dev/robot_2025_ws/src/install/examen_bringup/share/ament_index/resource_index/parent_prefix_path/examen_bringup
-- Up-to-date: /home/robousr/ROS2Dev/robot_2025_ws/src/install/examen_bringup/share/examen_bringup/environment/ament_prefix_path.sh
-- Up-to-date: /home/robousr/ROS2Dev/robot_2025_ws/src/install/examen_bringup/share/examen_bringup/environment/ament_prefix_path.dsv
-- Up-to-date: /home/robousr/ROS2Dev/robot_2025_ws/src/install/examen_bringup/share/examen_bringup/environment/path.sh
-- Up-to-date: /home/robousr/ROS2Dev/robot_2025_ws/src/install/examen_bringup/share/examen_bringup/environment/path.dsv
-- Up-to-date: /home/robousr/ROS2Dev/robot_2025_ws/src/install/examen_bringup/share/examen_bringup/local_setup.bash
-- Up-to-date: /home/robousr/ROS2Dev/robot_2025_ws/src/install/examen_bringup/share/examen_bringup/local_setup.sh
-- Up-to-date: /home/robousr/ROS2Dev/robot_2025_ws/src/install/examen_bringup/share/examen_bringup/local_setup.zsh
-- Up-to-date: /home/robousr/ROS2Dev/robot_2025_ws/src/install/examen_bringup/share/examen_bringup/local_setup.dsv
-- Up-to-date: /home/robousr/ROS2Dev/robot_2025_ws/src/install/examen_bringup/share/examen_bringup/package.dsv
-- Up-to-date: /home/robousr/ROS2Dev/robot_2025_ws/src/install/examen_bringup/share/ament_index/resource_index/packages/examen_bringup
-- Up-to-date: /home/robousr/ROS2Dev/robot_2025_ws/src/install/examen_bringup/share/examen_bringup/cmake/examen_bringupConfig.cmake
-- Up-to-date: /home/robousr/ROS2Dev/robot_2025_ws/src/install/examen_bringup/share/examen_bringup/cmake/examen_bringupConfig-version.cmake
-- Up-to-date: /home/robousr/ROS2Dev/robot_2025_ws/src/install/examen_bringup/share/examen_bringup/package.xml
